<?xml version="1.0" encoding="utf-8"?><testsuites name="pytest tests"><testsuite name="pytest" errors="0" failures="0" skipped="0" tests="9" time="5.164" timestamp="2026-05-02T19:38:47.682119+00:00" hostname="agent-env-ad664342-ad6a-4fa6-ada7-a2ed2ccb3606"><testcase classname="backend.tests.test_investment_plan" name="test_investment_plan_default_budget_5000" time="1.838" /><testcase classname="backend.tests.test_investment_plan" name="test_investment_plan_score_threshold_and_ordering" time="0.475" /><testcase classname="backend.tests.test_investment_plan" name="test_investment_plan_rounding_nearest_100" time="0.530" /><testcase classname="backend.tests.test_investment_plan" name="test_investment_plan_budget_10000_scales" time="0.558" /><testcase classname="backend.tests.test_investment_plan" name="test_investment_plan_budget_too_low_400" time="0.044" /><testcase classname="backend.tests.test_investment_plan" name="test_investment_plan_budget_499_400" time="0.044" /><testcase classname="backend.tests.test_investment_plan" name="test_investment_plan_budget_500_ok" time="0.447" /><testcase classname="backend.tests.test_investment_plan" name="test_investment_plan_estimated_shares_reasonable" time="0.439" /><testcase classname="backend.tests.test_investment_plan" name="test_investment_plan_fallback_semantics_present_when_qualifying_zero" time="0.708" /></testsuite></testsuites>