<?xml version="1.0" encoding="utf-8"?><testsuites name="pytest tests"><testsuite name="pytest" errors="0" failures="0" skipped="0" tests="14" time="2.970" timestamp="2026-05-02T19:28:00.562980+00:00" hostname="agent-env-ad664342-ad6a-4fa6-ada7-a2ed2ccb3606"><testcase classname="backend.tests.backend_test" name="test_root" time="0.164" /><testcase classname="backend.tests.backend_test" name="test_status" time="0.055" /><testcase classname="backend.tests.backend_test" name="test_watchlist_defaults" time="0.049" /><testcase classname="backend.tests.backend_test" name="test_analyze" time="0.072" /><testcase classname="backend.tests.backend_test" name="test_stock_detail" time="0.064" /><testcase classname="backend.tests.backend_test" name="test_add_custom_ticker" time="0.114" /><testcase classname="backend.tests.backend_test" name="test_add_duplicate" time="0.100" /><testcase classname="backend.tests.backend_test" name="test_add_default_rejected" time="0.055" /><testcase classname="backend.tests.backend_test" name="test_add_invalid_ticker" time="0.817" /><testcase classname="backend.tests.backend_test" name="test_delete_default_rejected" time="0.054" /><testcase classname="backend.tests.backend_test" name="test_delete_custom" time="0.128" /><testcase classname="backend.tests.backend_test" name="test_refresh" time="0.992" /><testcase classname="backend.tests.backend_test" name="test_test_notification" time="0.180" /><testcase classname="backend.tests.backend_test" name="test_alerts_today" time="0.049" /></testsuite></testsuites>