<?xml version="1.0" encoding="utf-8"?><testsuites name="pytest tests"><testsuite name="pytest" errors="0" failures="0" skipped="0" tests="29" time="14.601" timestamp="2026-05-02T20:08:55.148621+00:00" hostname="agent-env-ad664342-ad6a-4fa6-ada7-a2ed2ccb3606"><testcase classname="tests.backend_test" name="test_root" time="0.196" /><testcase classname="tests.backend_test" name="test_status" time="0.061" /><testcase classname="tests.backend_test" name="test_watchlist_defaults" time="0.057" /><testcase classname="tests.backend_test" name="test_analyze" time="0.070" /><testcase classname="tests.backend_test" name="test_stock_detail" time="0.071" /><testcase classname="tests.backend_test" name="test_add_custom_ticker" time="0.112" /><testcase classname="tests.backend_test" name="test_add_duplicate" time="0.060" /><testcase classname="tests.backend_test" name="test_add_default_rejected" time="0.049" /><testcase classname="tests.backend_test" name="test_add_invalid_ticker" time="0.873" /><testcase classname="tests.backend_test" name="test_delete_default_rejected" time="0.049" /><testcase classname="tests.backend_test" name="test_delete_custom" time="0.052" /><testcase classname="tests.backend_test" name="test_refresh" time="0.698" /><testcase classname="tests.backend_test" name="test_test_notification" time="0.161" /><testcase classname="tests.backend_test" name="test_alerts_today" time="0.061" /><testcase classname="tests.test_discover" name="test_discover_basic" time="4.348" /><testcase classname="tests.test_discover" name="test_discover_default_excludes_weak" time="0.639" /><testcase classname="tests.test_discover" name="test_discover_include_weak" time="1.193" /><testcase classname="tests.test_discover" name="test_discover_top_limit" time="0.552" /><testcase classname="tests.test_discover" name="test_discover_in_watchlist_flag" time="0.716" /><testcase classname="tests.test_discover" name="test_discover_result_shape" time="0.498" /><testcase classname="tests.test_investment_plan" name="test_investment_plan_default_budget_5000" time="0.830" /><testcase classname="tests.test_investment_plan" name="test_investment_plan_score_threshold_and_ordering" time="0.479" /><testcase classname="tests.test_investment_plan" name="test_investment_plan_rounding_nearest_100" time="0.497" /><testcase classname="tests.test_investment_plan" name="test_investment_plan_budget_10000_scales" time="0.422" /><testcase classname="tests.test_investment_plan" name="test_investment_plan_budget_too_low_400" time="0.048" /><testcase classname="tests.test_investment_plan" name="test_investment_plan_budget_499_400" time="0.046" /><testcase classname="tests.test_investment_plan" name="test_investment_plan_budget_500_ok" time="0.661" /><testcase classname="tests.test_investment_plan" name="test_investment_plan_estimated_shares_reasonable" time="0.471" /><testcase classname="tests.test_investment_plan" name="test_investment_plan_fallback_semantics_present_when_qualifying_zero" time="0.561" /></testsuite></testsuites>