<?xml version="1.0" encoding="utf-8"?><testsuites name="pytest tests"><testsuite name="pytest" errors="0" failures="0" skipped="2" tests="55" time="19.691" timestamp="2026-05-02T20:13:11.570858+00:00" hostname="agent-env-ad664342-ad6a-4fa6-ada7-a2ed2ccb3606"><testcase classname="backend.tests.backend_test" name="test_root" time="0.278" /><testcase classname="backend.tests.backend_test" name="test_status" time="0.051" /><testcase classname="backend.tests.backend_test" name="test_watchlist_defaults" time="0.046" /><testcase classname="backend.tests.backend_test" name="test_analyze" time="0.070" /><testcase classname="backend.tests.backend_test" name="test_stock_detail" time="0.065" /><testcase classname="backend.tests.backend_test" name="test_add_custom_ticker" time="0.101" /><testcase classname="backend.tests.backend_test" name="test_add_duplicate" time="0.052" /><testcase classname="backend.tests.backend_test" name="test_add_default_rejected" time="0.050" /><testcase classname="backend.tests.backend_test" name="test_add_invalid_ticker" time="1.439" /><testcase classname="backend.tests.backend_test" name="test_delete_default_rejected" time="0.049" /><testcase classname="backend.tests.backend_test" name="test_delete_custom" time="0.048" /><testcase classname="backend.tests.backend_test" name="test_refresh" time="0.657" /><testcase classname="backend.tests.backend_test" name="test_test_notification" time="0.160" /><testcase classname="backend.tests.backend_test" name="test_alerts_today" time="0.050" /><testcase classname="backend.tests.test_alerts.TestPassesAlertRules" name="test_strong_score80_rsi30_passes" time="0.000" /><testcase classname="backend.tests.test_alerts.TestPassesAlertRules" name="test_score_below_70_fails" time="0.000" /><testcase classname="backend.tests.test_alerts.TestPassesAlertRules" name="test_rsi_above_40_fails" time="0.000" /><testcase classname="backend.tests.test_alerts.TestPassesAlertRules" name="test_not_strong_fails" time="0.000" /><testcase classname="backend.tests.test_alerts.TestPassesAlertRules" name="test_rsi_none_fails" time="0.000" /><testcase classname="backend.tests.test_alerts.TestPassesAlertRules" name="test_boundary_score70_rsi40_passes" time="0.000" /><testcase classname="backend.tests.test_alerts.TestPassesAlertRules" name="test_today_ist_key_format" time="0.008" /><testcase classname="backend.tests.test_alerts" name="test_trigger_alerts_schema" time="0.163" /><testcase classname="backend.tests.test_alerts" name="test_trigger_alerts_dedupes_on_second_call" time="0.172" /><testcase classname="backend.tests.test_alerts" name="test_alerts_today_shape" time="0.134" /><testcase classname="backend.tests.test_alerts" name="test_trigger_alerts_respects_strict_rule" time="0.076"><skipped type="pytest.skip" message="Nothing passed alert rules right now">/app/backend/tests/test_alerts.py:109: Nothing passed alert rules right now</skipped></testcase><testcase classname="backend.tests.test_alerts" name="test_alert_log_has_unique_index" time="0.078" /><testcase classname="backend.tests.test_discover" name="test_discover_basic" time="4.009" /><testcase classname="backend.tests.test_discover" name="test_discover_default_excludes_weak" time="0.468" /><testcase classname="backend.tests.test_discover" name="test_discover_include_weak" time="1.221" /><testcase classname="backend.tests.test_discover" name="test_discover_top_limit" time="0.569" /><testcase classname="backend.tests.test_discover" name="test_discover_in_watchlist_flag" time="0.475" /><testcase classname="backend.tests.test_discover" name="test_discover_result_shape" time="0.503" /><testcase classname="backend.tests.test_investment_plan" name="test_investment_plan_default_budget_5000" time="0.531" /><testcase classname="backend.tests.test_investment_plan" name="test_investment_plan_score_threshold_and_ordering" time="0.768" /><testcase classname="backend.tests.test_investment_plan" name="test_investment_plan_rounding_nearest_100" time="0.502" /><testcase classname="backend.tests.test_investment_plan" name="test_investment_plan_budget_10000_scales" time="0.463" /><testcase classname="backend.tests.test_investment_plan" name="test_investment_plan_budget_too_low_400" time="0.049" /><testcase classname="backend.tests.test_investment_plan" name="test_investment_plan_budget_499_400" time="0.042" /><testcase classname="backend.tests.test_investment_plan" name="test_investment_plan_budget_500_ok" time="0.613" /><testcase classname="backend.tests.test_investment_plan" name="test_investment_plan_estimated_shares_reasonable" time="0.570" /><testcase classname="backend.tests.test_investment_plan" name="test_investment_plan_fallback_semantics_present_when_qualifying_zero" time="0.573" /><testcase classname="backend.tests.test_recommended_action" name="test_recommended_action_schema" time="0.612" /><testcase classname="backend.tests.test_recommended_action" name="test_recommended_action_tone_matches_action" time="0.449" /><testcase classname="backend.tests.test_recommended_action" name="test_recommended_action_picks_shape" time="0.683" /><testcase classname="backend.tests.test_recommended_action" name="test_buy_now_requires_score_70_and_rsi_le_40" time="0.626" /><testcase classname="backend.tests.test_recommended_action" name="test_buy_now_message_mentions_strict_criteria" time="0.508" /><testcase classname="backend.tests.test_recommended_action" name="test_accumulate_pool_rules" time="0.563"><skipped type="pytest.skip" message="action is Buy Now">/app/backend/tests/test_recommended_action.py:84: action is Buy Now</skipped></testcase><testcase classname="backend.tests.test_recommended_action" name="test_no_pick_below_60" time="0.446" /><testcase classname="backend.tests.test_recommended_action" name="test_picks_sorted_desc_by_score" time="0.586" /><testcase classname="backend.tests.test_scheduler.TestSchedulerImportsAreClean" name="test_scheduler_module_imports_cleanly" time="0.021" /><testcase classname="backend.tests.test_scheduler.TestSchedulerImportsAreClean" name="test_scheduler_does_not_reference_send_strong_dip_alert" time="0.000" /><testcase classname="backend.tests.test_scheduler.TestRunAnalysisJobDelegates" name="test_run_analysis_job_routes_through_send_alert_if_allowed" time="0.002" /><testcase classname="backend.tests.test_scheduler.TestRunAnalysisJobDelegates" name="test_run_analysis_job_swallows_inner_errors" time="0.001" /><testcase classname="backend.tests.test_scheduler.TestRunAnalysisJobDelegates" name="test_run_analysis_job_with_real_send_alert_if_allowed_does_not_nameerror" time="0.001" /><testcase classname="backend.tests.test_scheduler.TestAlertsTodayUsesLastAlertedAtSort" name="test_server_sort_key_is_last_alerted_at" time="0.000" /></testsuite></testsuites>