<?xml version="1.0" encoding="utf-8"?><testsuites name="pytest tests"><testsuite name="pytest" errors="0" failures="0" skipped="0" tests="6" time="6.730" timestamp="2026-05-02T19:27:50.034432+00:00" hostname="agent-env-ad664342-ad6a-4fa6-ada7-a2ed2ccb3606"><testcase classname="backend.tests.test_discover" name="test_discover_basic" time="1.732" /><testcase classname="backend.tests.test_discover" name="test_discover_default_excludes_weak" time="0.504" /><testcase classname="backend.tests.test_discover" name="test_discover_include_weak" time="2.150" /><testcase classname="backend.tests.test_discover" name="test_discover_top_limit" time="0.551" /><testcase classname="backend.tests.test_discover" name="test_discover_in_watchlist_flag" time="1.171" /><testcase classname="backend.tests.test_discover" name="test_discover_result_shape" time="0.553" /></testsuite></testsuites>