<?xml version="1.0" encoding="utf-8"?><testsuites name="pytest tests"><testsuite name="pytest" errors="0" failures="0" skipped="0" tests="14" time="3.390" timestamp="2026-05-02T17:16:15.046177+00:00" hostname="agent-env-ad664342-ad6a-4fa6-ada7-a2ed2ccb3606"><testcase classname="backend.tests.backend_test" name="test_root" time="0.318" /><testcase classname="backend.tests.backend_test" name="test_status" time="0.051" /><testcase classname="backend.tests.backend_test" name="test_watchlist_defaults" time="0.054" /><testcase classname="backend.tests.backend_test" name="test_analyze" time="0.076" /><testcase classname="backend.tests.backend_test" name="test_stock_detail" time="0.066" /><testcase classname="backend.tests.backend_test" name="test_add_custom_ticker" time="0.577" /><testcase classname="backend.tests.backend_test" name="test_add_duplicate" time="0.046" /><testcase classname="backend.tests.backend_test" name="test_add_default_rejected" time="0.045" /><testcase classname="backend.tests.backend_test" name="test_add_invalid_ticker" time="1.334" /><testcase classname="backend.tests.backend_test" name="test_delete_default_rejected" time="0.053" /><testcase classname="backend.tests.backend_test" name="test_delete_custom" time="0.046" /><testcase classname="backend.tests.backend_test" name="test_refresh" time="0.423" /><testcase classname="backend.tests.backend_test" name="test_test_notification" time="0.169" /><testcase classname="backend.tests.backend_test" name="test_alerts_today" time="0.054" /></testsuite></testsuites>