<?xml version="1.0" encoding="utf-8"?><testsuites name="pytest tests"><testsuite name="pytest" errors="0" failures="0" skipped="2" tests="20" time="6.464" timestamp="2026-05-02T20:08:39.325422+00:00" hostname="agent-env-ad664342-ad6a-4fa6-ada7-a2ed2ccb3606"><testcase classname="tests.test_alerts.TestPassesAlertRules" name="test_strong_score80_rsi30_passes" time="0.000" /><testcase classname="tests.test_alerts.TestPassesAlertRules" name="test_score_below_70_fails" time="0.000" /><testcase classname="tests.test_alerts.TestPassesAlertRules" name="test_rsi_above_40_fails" time="0.000" /><testcase classname="tests.test_alerts.TestPassesAlertRules" name="test_not_strong_fails" time="0.000" /><testcase classname="tests.test_alerts.TestPassesAlertRules" name="test_rsi_none_fails" time="0.000" /><testcase classname="tests.test_alerts.TestPassesAlertRules" name="test_boundary_score70_rsi40_passes" time="0.000" /><testcase classname="tests.test_alerts.TestPassesAlertRules" name="test_today_ist_key_format" time="0.008" /><testcase classname="tests.test_alerts" name="test_trigger_alerts_schema" time="0.336" /><testcase classname="tests.test_alerts" name="test_trigger_alerts_dedupes_on_second_call" time="0.160" /><testcase classname="tests.test_alerts" name="test_alerts_today_shape" time="0.134" /><testcase classname="tests.test_alerts" name="test_trigger_alerts_respects_strict_rule" time="0.074"><skipped type="pytest.skip" message="Nothing passed alert rules right now">/app/backend/tests/test_alerts.py:109: Nothing passed alert rules right now</skipped></testcase><testcase classname="tests.test_alerts" name="test_alert_log_has_unique_index" time="0.078" /><testcase classname="tests.test_recommended_action" name="test_recommended_action_schema" time="1.460" /><testcase classname="tests.test_recommended_action" name="test_recommended_action_tone_matches_action" time="0.514" /><testcase classname="tests.test_recommended_action" name="test_recommended_action_picks_shape" time="0.568" /><testcase classname="tests.test_recommended_action" name="test_buy_now_requires_score_70_and_rsi_le_40" time="0.868" /><testcase classname="tests.test_recommended_action" name="test_buy_now_message_mentions_strict_criteria" time="0.750" /><testcase classname="tests.test_recommended_action" name="test_accumulate_pool_rules" time="0.518"><skipped type="pytest.skip" message="action is Buy Now">/app/backend/tests/test_recommended_action.py:84: action is Buy Now</skipped></testcase><testcase classname="tests.test_recommended_action" name="test_no_pick_below_60" time="0.468" /><testcase classname="tests.test_recommended_action" name="test_picks_sorted_desc_by_score" time="0.461" /></testsuite></testsuites>