<?xml version="1.0" encoding="utf-8"?><testsuites name="pytest tests"><testsuite name="pytest" errors="0" failures="0" skipped="0" tests="5" time="3.712" timestamp="2026-05-02T19:44:43.316187+00:00" hostname="agent-env-ad664342-ad6a-4fa6-ada7-a2ed2ccb3606"><testcase classname="tests.test_recommended_action" name="test_recommended_action_schema" time="1.537" /><testcase classname="tests.test_recommended_action" name="test_recommended_action_tone_matches_action" time="0.578" /><testcase classname="tests.test_recommended_action" name="test_recommended_action_picks_shape" time="0.534" /><testcase classname="tests.test_recommended_action" name="test_recommended_action_score_thresholds" time="0.540" /><testcase classname="tests.test_recommended_action" name="test_recommended_action_consistent_with_analyze" time="0.460" /></testsuite></testsuites>